[22:12:27] [Server thread/INFO]: Starting minecraft server version 1.8.8
[22:12:27] [Server thread/INFO]: Loading properties
[22:12:28] [Server thread/INFO]: Default game type: SURVIVAL
[22:12:28] [Server thread/INFO]: Generating keypair
[22:12:28] [Server thread/INFO]: Starting Minecraft server on *:25565
[22:12:28] [Server thread/INFO]: Using default channel type
[22:12:28] [Server thread/INFO]: Preparing level "world"
[22:12:28] [Server thread/INFO]: Preparing start region for level 0
[22:12:30] [Server thread/INFO]: Preparing spawn area: 20%
[22:12:31] [Server thread/INFO]: Preparing spawn area: 89%
[22:12:31] [Server thread/INFO]: Done (2.352s)! For help, type "help" or "?"
[22:16:48] [User Authenticator #1/INFO]: UUID of player tk3413 is 54e7ac72-cbe5-43e2-8743-33dcbd3dc515
[22:16:48] [Server thread/INFO]: tk3413[/173.57.67.148:1024] logged in with entity id 147 at (384.0343769290914, 113.5625, 1286.4672464809112)
[22:16:48] [Server thread/INFO]: tk3413 joined the game
[22:16:50] [Server thread/WARN]: Can't keep up! Did the system time change, or is the server overloaded? Running 2075ms behind, skipping 41 tick(s)
[22:30:01] [Server thread/INFO]: tk3413 has just earned the achievement [Acquire Hardware]
[23:14:18] [Server thread/INFO]: tk3413 lost connection: TranslatableComponent{key='disconnect.genericReason', args=[Internal Exception: java.io.IOException: Connection reset by peer], siblings=[], style=Style{hasParent=false, color=null, bold=null, italic=null, underlined=null, obfuscated=null, clickEvent=null, hoverEvent=null, insertion=null}}
[23:14:18] [Server thread/INFO]: tk3413 left the game
[23:14:24] [User Authenticator #2/INFO]: UUID of player tk3413 is 54e7ac72-cbe5-43e2-8743-33dcbd3dc515
[23:14:24] [Server thread/INFO]: tk3413[/173.57.67.148:1025] logged in with entity id 93045 at (35.665671716909884, 56.0, 3349.4681087801646)
[23:14:24] [Server thread/INFO]: tk3413 joined the game
[23:41:58] [Server thread/INFO]: tk3413 lost connection: TranslatableComponent{key='disconnect.genericReason', args=[Internal Exception: java.io.IOException: Connection reset by peer], siblings=[], style=Style{hasParent=false, color=null, bold=null, italic=null, underlined=null, obfuscated=null, clickEvent=null, hoverEvent=null, insertion=null}}
[23:41:58] [Server thread/INFO]: tk3413 left the game
[23:42:07] [User Authenticator #3/INFO]: UUID of player tk3413 is 54e7ac72-cbe5-43e2-8743-33dcbd3dc515
[23:42:07] [Server thread/INFO]: tk3413[/173.57.67.148:1024] logged in with entity id 130296 at (470.38843373660757, 71.0, 3626.39658363823)
[23:42:07] [Server thread/INFO]: tk3413 joined the game
[23:43:59] [Server thread/INFO]: tk3413 was slain by Spider
[23:47:55] [Server thread/INFO]: tk3413 lost connection: TextComponent{text='Disconnected', siblings=[], style=Style{hasParent=false, color=null, bold=null, italic=null, underlined=null, obfuscated=null, clickEvent=null, hoverEvent=null, insertion=null}}
[23:47:55] [Server thread/INFO]: tk3413 left the game
