[01:37:24] [Server thread/INFO]: Starting minecraft server version 1.8.8
[01:37:24] [Server thread/INFO]: Loading properties
[01:37:24] [Server thread/INFO]: Default game type: SURVIVAL
[01:37:24] [Server thread/INFO]: Generating keypair
[01:37:24] [Server thread/INFO]: Starting Minecraft server on *:25565
[01:37:24] [Server thread/INFO]: Using default channel type
[01:37:24] [Server thread/INFO]: Preparing level "world"
[01:37:24] [Server thread/INFO]: Preparing start region for level 0
[01:37:25] [Server thread/INFO]: Preparing spawn area: 70%
[01:37:25] [Server thread/INFO]: Done (1.377s)! For help, type "help" or "?"
[01:58:47] [Server thread/WARN]: Can't keep up! Did the system time change, or is the server overloaded? Running 20685ms behind, skipping 413 tick(s)
[02:00:53] [Server thread/WARN]: Can't keep up! Did the system time change, or is the server overloaded? Running 125241ms behind, skipping 2504 tick(s)
[02:01:01] [Server thread/WARN]: Time ran backwards! Did the system time change?
[02:19:00] [Server thread/WARN]: Can't keep up! Did the system time change, or is the server overloaded? Running 21108ms behind, skipping 422 tick(s)
[08:06:26] [Server thread/WARN]: Can't keep up! Did the system time change, or is the server overloaded? Running 20845890ms behind, skipping 416917 tick(s)
[08:06:30] [Server thread/WARN]: Time ran backwards! Did the system time change?
[08:20:45] [Server thread/WARN]: Can't keep up! Did the system time change, or is the server overloaded? Running 22795ms behind, skipping 455 tick(s)
[17:36:48] [Server thread/WARN]: Can't keep up! Did the system time change, or is the server overloaded? Running 33362882ms behind, skipping 667257 tick(s)
[17:36:51] [Server thread/WARN]: Time ran backwards! Did the system time change?
[18:19:15] [Server Shutdown Thread/INFO]: Stopping server
